Starting audit...
[ERROR] /Users/rohithkumar/Desktop/git/ADS1/6022_ADS1/ADS-1-Assignments/m10/10.1 LinkedList using Recursion/Solution.java:27:8: Unused @param tag for 'value'. [JavadocMethod]
[ERROR] /Users/rohithkumar/Desktop/git/ADS1/6022_ADS1/ADS-1-Assignments/m10/10.1 LinkedList using Recursion/Solution.java:29:20: Expected @param tag for 'data'. [JavadocMethod]
[ERROR] /Users/rohithkumar/Desktop/git/ADS1/6022_ADS1/ADS-1-Assignments/m10/10.1 LinkedList using Recursion/Solution.java:155: Class Solution should be declared as final. [FinalClass]
Audit done.
Checkstyle ends with 3 errors.
