Starting audit...
[ERROR] /Users/rohithkumar/Desktop/git/ADS1/6022_ADS1/ADS-1-Assignments/m22/22.1 Ransom Note/Solution.java:0: File does not end with a newline. [NewlineAtEndOfFile]
[ERROR] /Users/rohithkumar/Desktop/git/ADS1/6022_ADS1/ADS-1-Assignments/m22/22.1 Ransom Note/Solution.java:2:8: Unused import - java.util.Arrays. [UnusedImports]
[ERROR] /Users/rohithkumar/Desktop/git/ADS1/6022_ADS1/ADS-1-Assignments/m22/22.1 Ransom Note/Solution.java:7:1: File contains tab characters (this is the first instance). [FileTabCharacter]
[ERROR] /Users/rohithkumar/Desktop/git/ADS1/6022_ADS1/ADS-1-Assignments/m22/22.1 Ransom Note/Solution.java:10:16: Variable 'word' must be private and have accessor methods. [VisibilityModifier]
[ERROR] /Users/rohithkumar/Desktop/git/ADS1/6022_ADS1/ADS-1-Assignments/m22/22.1 Ransom Note/Solution.java:14:14: Variable 'link' must be private and have accessor methods. [VisibilityModifier]
[ERROR] /Users/rohithkumar/Desktop/git/ADS1/6022_ADS1/ADS-1-Assignments/m22/22.1 Ransom Note/Solution.java:20:9: Redundant 'public' modifier. [RedundantModifier]
[ERROR] /Users/rohithkumar/Desktop/git/ADS1/6022_ADS1/ADS-1-Assignments/m22/22.1 Ransom Note/Solution.java:20:21: '(' is preceded with whitespace. [MethodParamPad]
[ERROR] /Users/rohithkumar/Desktop/git/ADS1/6022_ADS1/ADS-1-Assignments/m22/22.1 Ransom Note/Solution.java:31:14: Variable 'head' must be private and have accessor methods. [VisibilityModifier]
[ERROR] /Users/rohithkumar/Desktop/git/ADS1/6022_ADS1/ADS-1-Assignments/m22/22.1 Ransom Note/Solution.java:55:22: Variable 'hash' must be private and have accessor methods. [VisibilityModifier]
[ERROR] /Users/rohithkumar/Desktop/git/ADS1/6022_ADS1/ADS-1-Assignments/m22/22.1 Ransom Note/Solution.java:59:13: Variable 'size' must be private and have accessor methods. [VisibilityModifier]
[ERROR] /Users/rohithkumar/Desktop/git/ADS1/6022_ADS1/ADS-1-Assignments/m22/22.1 Ransom Note/Solution.java:65:9: Redundant 'public' modifier. [RedundantModifier]
[ERROR] /Users/rohithkumar/Desktop/git/ADS1/6022_ADS1/ADS-1-Assignments/m22/22.1 Ransom Note/Solution.java:65:24: Parameter s should be final. [FinalParameters]
[ERROR] /Users/rohithkumar/Desktop/git/ADS1/6022_ADS1/ADS-1-Assignments/m22/22.1 Ransom Note/Solution.java:76:24: Parameter value should be final. [FinalParameters]
[ERROR] /Users/rohithkumar/Desktop/git/ADS1/6022_ADS1/ADS-1-Assignments/m22/22.1 Ransom Note/Solution.java:85:28: Parameter word should be final. [FinalParameters]
[ERROR] /Users/rohithkumar/Desktop/git/ADS1/6022_ADS1/ADS-1-Assignments/m22/22.1 Ransom Note/Solution.java:85:41: Parameter pos should be final. [FinalParameters]
[ERROR] /Users/rohithkumar/Desktop/git/ADS1/6022_ADS1/ADS-1-Assignments/m22/22.1 Ransom Note/Solution.java:111:13: Variable 'msize' must be private and have accessor methods. [VisibilityModifier]
[ERROR] /Users/rohithkumar/Desktop/git/ADS1/6022_ADS1/ADS-1-Assignments/m22/22.1 Ransom Note/Solution.java:115:13: Variable 'nsize' must be private and have accessor methods. [VisibilityModifier]
[ERROR] /Users/rohithkumar/Desktop/git/ADS1/6022_ADS1/ADS-1-Assignments/m22/22.1 Ransom Note/Solution.java:119:18: Variable 'mag' must be private and have accessor methods. [VisibilityModifier]
[ERROR] /Users/rohithkumar/Desktop/git/ADS1/6022_ADS1/ADS-1-Assignments/m22/22.1 Ransom Note/Solution.java:123:18: Variable 'note' must be private and have accessor methods. [VisibilityModifier]
[ERROR] /Users/rohithkumar/Desktop/git/ADS1/6022_ADS1/ADS-1-Assignments/m22/22.1 Ransom Note/Solution.java:127:17: Variable 'h' must be private and have accessor methods. [VisibilityModifier]
[ERROR] /Users/rohithkumar/Desktop/git/ADS1/6022_ADS1/ADS-1-Assignments/m22/22.1 Ransom Note/Solution.java:136: Line is longer than 80 characters (found 91). [LineLength]
[ERROR] /Users/rohithkumar/Desktop/git/ADS1/6022_ADS1/ADS-1-Assignments/m22/22.1 Ransom Note/Solution.java:136:9: Redundant 'public' modifier. [RedundantModifier]
[ERROR] /Users/rohithkumar/Desktop/git/ADS1/6022_ADS1/ADS-1-Assignments/m22/22.1 Ransom Note/Solution.java:171: Line is longer than 80 characters (found 85). [LineLength]
[ERROR] /Users/rohithkumar/Desktop/git/ADS1/6022_ADS1/ADS-1-Assignments/m22/22.1 Ransom Note/Solution.java:173: Line is longer than 80 characters (found 83). [LineLength]
[ERROR] /Users/rohithkumar/Desktop/git/ADS1/6022_ADS1/ADS-1-Assignments/m22/22.1 Ransom Note/Solution.java:190: First sentence should end with a period. [JavadocStyle]
[ERROR] /Users/rohithkumar/Desktop/git/ADS1/6022_ADS1/ADS-1-Assignments/m22/22.1 Ransom Note/Solution.java:193:1: Utility classes should not have a public or default constructor. [HideUtilityClassConstructor]
[ERROR] /Users/rohithkumar/Desktop/git/ADS1/6022_ADS1/ADS-1-Assignments/m22/22.1 Ransom Note/Solution.java:194: First sentence should end with a period. [JavadocStyle]
[ERROR] /Users/rohithkumar/Desktop/git/ADS1/6022_ADS1/ADS-1-Assignments/m22/22.1 Ransom Note/Solution.java:199:33: Parameter args should be final. [FinalParameters]
Audit done.
Checkstyle ends with 28 errors.
